<?xml version="1.0" encoding="UTF-8"?>
<!-- Generated by org.testng.reporters.JUnitXMLReporter -->
<testsuite ignored="0" hostname="HP" failures="0" tests="5" name="Test" time="84.785" errors="0" timestamp="2024-04-30T16:46:03 IST">
  <testcase classname="test.HomePageTest" name="verifyHomePageTitle" time="6.693"/>
  <testcase classname="test.HomePageTest" name="verifyUserLoginDate" time="5.222"/>
  <testcase classname="test.ResetPageTest" name="verifyResetPageTitle" time="8.914"/>
  <testcase classname="test.ResetPageTest" name="verifyErrorMessageWithInvalidEmailid" time="2.871"/>
  <testcase classname="test.ManageUserPageTest" name="verifyManageUserTittle" time="12.536"/>
</testsuite> <!-- Test -->
